SF:lib/core/error/exceptions.dart
DA:6,4
DA:14,0
LF:2
LH:1
end_of_record
SF:lib/core/error/failures.dart
DA:5,13
DA:7,2
DA:8,4
DA:12,13
DA:14,3
DA:16,6
DA:21,0
DA:23,0
DA:25,0
DA:30,0
DA:32,0
LF:11
LH:6
end_of_record
SF:lib/features/task_management/data/data_sources/task_list_local_data_source.dart
DA:15,1
DA:17,1
DA:20,2
DA:22,2
DA:26,1
DA:29,2
DA:31,2
DA:35,1
DA:38,2
DA:40,2
LF:10
LH:10
end_of_record
SF:lib/features/task_management/data/models/task_list_model.dart
DA:4,6
DA:10,0
DA:11,0
DA:12,0
DA:13,0
DA:14,0
DA:18,0
DA:19,0
DA:20,0
DA:21,0
DA:22,0
DA:26,0
DA:31,0
DA:32,0
DA:33,0
DA:34,0
LF:16
LH:1
end_of_record
SF:lib/features/task_management/data/models/task_list_with_count_model.dart
DA:6,4
DA:13,0
DA:14,0
DA:15,0
DA:16,0
DA:17,0
DA:18,0
LF:7
LH:1
end_of_record
SF:lib/features/task_management/data/repositories/task_list_repository_impl.dart
DA:12,1
DA:14,1
DA:17,2
DA:18,1
DA:19,1
DA:20,3
DA:24,1
DA:28,2
DA:29,1
DA:30,1
DA:31,3
DA:35,1
DA:38,2
DA:40,1
DA:41,3
LF:15
LH:15
end_of_record
SF:lib/core/database/task_list_dao.dart
DA:11,0
DA:13,0
DA:14,0
DA:16,0
DA:21,0
DA:22,0
DA:23,0
DA:26,0
DA:27,0
DA:33,0
DA:34,0
DA:37,0
DA:38,0
DA:40,0
DA:42,0
DA:46,0
DA:47,0
DA:50,0
LF:18
LH:0
end_of_record
SF:lib/core/use_cases/use_case.dart
DA:14,5
DA:15,5
LF:2
LH:2
end_of_record
SF:lib/features/task_management/domain/entities/task_list.dart
DA:8,6
DA:14,1
DA:15,4
LF:3
LH:3
end_of_record
SF:lib/features/task_management/data/models/task_model.dart
DA:5,6
DA:16,0
DA:17,0
DA:18,0
DA:19,0
DA:20,0
DA:21,0
DA:22,0
DA:24,0
DA:25,0
DA:26,0
DA:27,0
DA:31,0
DA:32,0
DA:33,0
DA:34,0
DA:35,0
DA:36,0
DA:37,0
DA:38,0
DA:39,0
DA:40,0
DA:44,0
DA:54,0
DA:55,0
DA:56,0
DA:57,0
DA:58,0
DA:59,0
DA:60,0
DA:61,0
DA:62,0
DA:66,2
DA:68,18
LF:34
LH:3
end_of_record
SF:lib/features/task_management/domain/entities/task_count.dart
DA:5,4
LF:1
LH:1
end_of_record
SF:lib/features/task_management/domain/use_cases/add_task.dart
DA:10,1
DA:12,1
DA:14,2
LF:3
LH:3
end_of_record
SF:lib/features/task_management/domain/use_cases/add_task_list.dart
DA:10,1
DA:12,1
DA:14,2
LF:3
LH:3
end_of_record
SF:lib/features/task_management/domain/use_cases/delete_task.dart
DA:9,1
DA:11,1
DA:13,4
DA:21,2
LF:4
LH:4
end_of_record
SF:lib/features/task_management/domain/use_cases/get_task_count.dart
DA:10,1
DA:12,1
DA:14,2
LF:3
LH:3
end_of_record
SF:lib/features/task_management/domain/use_cases/get_task_due_today.dart
DA:10,1
DA:12,1
DA:14,2
LF:3
LH:3
end_of_record
SF:lib/features/task_management/domain/use_cases/get_task_list.dart
DA:10,1
DA:12,1
DA:15,2
LF:3
LH:3
end_of_record
SF:lib/features/task_management/domain/use_cases/get_tasks.dart
DA:7,0
DA:9,0
DA:11,0
DA:14,0
DA:15,0
LF:5
LH:0
end_of_record
SF:lib/features/task_management/presentation/blocs/task_list_cubit.dart
DA:11,3
DA:13,1
DA:14,3
DA:15,2
DA:16,2
DA:17,1
DA:18,2
DA:19,2
DA:27,1
DA:31,1
DA:32,2
LF:11
LH:11
end_of_record
SF:lib/features/task_management/presentation/blocs/task_state.dart
DA:5,2
DA:6,2
DA:16,1
DA:20,1
DA:21,2
DA:27,1
DA:31,1
DA:32,2
LF:8
LH:8
end_of_record
SF:lib/core/database/task_dao.dart
DA:11,0
DA:13,0
DA:14,0
DA:16,0
DA:21,0
DA:22,0
DA:25,0
DA:29,0
DA:30,0
DA:33,0
DA:35,0
DA:36,0
DA:39,0
DA:40,0
DA:41,0
DA:42,0
DA:44,0
DA:48,0
DA:51,0
DA:54,0
DA:55,0
DA:62,0
DA:64,0
DA:65,0
DA:66,0
LF:25
LH:0
end_of_record
SF:lib/features/task_management/domain/entities/task.dart
DA:11,6
LF:1
LH:1
end_of_record
SF:lib/features/task_management/data/data_sources/task_local_data_source.dart
DA:19,1
DA:21,1
DA:24,2
DA:26,2
DA:30,1
DA:33,2
DA:35,2
DA:36,2
DA:40,1
DA:43,2
DA:45,2
DA:46,2
DA:50,1
DA:53,2
DA:55,2
DA:59,1
DA:62,2
DA:64,2
LF:18
LH:18
end_of_record
SF:lib/features/task_management/data/repositories/task_repository_impl.dart
DA:16,1
DA:18,1
DA:20,2
DA:21,1
DA:22,2
DA:25,1
DA:26,2
DA:27,2
DA:30,1
DA:33,2
DA:34,2
DA:36,1
DA:37,3
DA:41,1
DA:44,2
DA:45,1
DA:46,1
DA:47,3
DA:51,1
DA:54,2
DA:55,1
DA:56,1
DA:57,3
DA:61,1
DA:64,2
DA:65,1
DA:67,1
DA:68,3
DA:72,1
DA:75,2
DA:76,1
DA:77,1
DA:78,3
DA:82,0
DA:84,0
DA:86,0
DA:88,0
DA:90,0
LF:38
LH:33
end_of_record
SF:lib/features/task_management/presentation/blocs/get_due_tasks_cubit.dart
DA:10,3
DA:12,1
DA:13,3
DA:14,2
DA:15,2
DA:16,1
DA:17,2
DA:18,2
LF:8
LH:8
end_of_record
SF:lib/features/task_management/presentation/blocs/task_count_cubit.dart
DA:10,1
DA:11,2
DA:13,1
DA:14,3
DA:15,2
DA:16,2
DA:17,1
DA:18,2
DA:19,1
LF:9
LH:9
end_of_record
SF:lib/features/task_management/presentation/blocs/task_cubit.dart
DA:18,1
DA:19,2
DA:23,1
DA:25,1
DA:26,0
DA:28,2
DA:29,1
DA:30,0
DA:31,0
DA:32,1
DA:33,2
DA:34,1
DA:38,1
DA:39,2
DA:40,1
DA:41,5
DA:42,3
DA:43,2
DA:44,1
DA:45,2
DA:46,2
DA:49,0
DA:53,1
DA:54,2
DA:55,1
DA:56,0
DA:57,1
DA:58,2
DA:62,1
DA:65,3
DA:66,1
DA:67,0
DA:68,1
DA:69,2
DA:73,1
DA:75,2
DA:76,1
LF:37
LH:31
end_of_record
SF:lib/features/task_management/presentation/blocs/task_edit_cubit.dart
DA:11,2
DA:15,1
DA:16,3
DA:19,1
DA:20,5
DA:23,0
DA:24,0
DA:27,0
DA:28,0
DA:31,0
DA:32,0
DA:35,1
DA:36,3
DA:39,0
DA:40,0
DA:41,0
DA:42,0
DA:43,0
DA:44,0
DA:45,0
DA:46,0
DA:47,0
DA:51,0
DA:52,0
DA:53,0
DA:54,0
DA:55,0
DA:56,0
DA:57,0
DA:58,0
DA:59,0
DA:60,0
DA:61,0
DA:62,0
DA:63,0
DA:76,3
DA:85,1
DA:93,1
DA:94,1
DA:95,1
DA:96,1
DA:97,1
DA:98,1
DA:99,1
DA:103,1
DA:105,7
DA:108,1
DA:109,1
DA:110,1
DA:111,1
DA:112,1
DA:113,1
DA:114,1
DA:115,1
LF:54
LH:26
end_of_record
SF:lib/features/sensor_tracker/data/repositories/sensor_repository_impl.dart
DA:8,1
DA:10,1
DA:13,1
DA:14,1
DA:15,2
DA:16,1
DA:17,1
DA:18,1
DA:19,1
DA:20,1
DA:25,1
DA:28,1
DA:29,1
DA:30,2
DA:31,1
DA:32,1
DA:33,1
DA:34,1
DA:35,1
LF:19
LH:19
end_of_record
SF:lib/features/sensor_tracker/domain/entities/sensor.dart
DA:9,5
DA:16,4
DA:18,20
DA:21,2
DA:22,10
LF:5
LH:5
end_of_record
SF:lib/features/sensor_tracker/domain/use_cases/get_accelerometer_data.dart
DA:8,1
DA:10,1
DA:12,2
LF:3
LH:3
end_of_record
SF:lib/features/sensor_tracker/domain/use_cases/get_gyroscope_data.dart
DA:8,1
DA:10,1
DA:12,2
LF:3
LH:3
end_of_record
SF:lib/features/sensor_tracker/presentation/blocs/accelerometer_cubit.dart
DA:11,3
DA:17,1
DA:18,6
DA:20,2
DA:21,0
DA:24,2
DA:25,4
DA:27,1
DA:28,2
DA:29,3
DA:33,1
DA:35,2
DA:36,1
LF:13
LH:12
end_of_record
SF:lib/features/sensor_tracker/presentation/blocs/sensor_state.dart
DA:7,4
DA:9,2
DA:10,4
DA:18,4
DA:22,2
DA:23,4
DA:30,2
DA:32,0
DA:36,0
DA:37,0
DA:38,0
DA:42,2
DA:43,4
LF:13
LH:9
end_of_record
SF:lib/features/sensor_tracker/presentation/blocs/gyro_cubit.dart
DA:11,3
DA:19,1
DA:20,6
DA:22,2
DA:23,0
DA:24,0
DA:25,2
DA:27,1
DA:29,0
DA:30,0
DA:32,2
DA:33,2
DA:36,1
DA:37,2
DA:38,3
DA:42,1
DA:44,2
DA:45,1
DA:48,1
DA:52,3
DA:53,3
DA:54,3
DA:57,1
LF:23
LH:19
end_of_record
