SF:lib/features/sensor_tracker/data/repositories/sensor_repository_impl.dart
DA:8,1
DA:10,1
DA:13,1
DA:14,1
DA:15,2
DA:16,1
DA:17,1
DA:18,1
DA:19,1
DA:20,1
DA:25,1
DA:28,1
DA:29,1
DA:30,2
DA:31,1
DA:32,1
DA:33,1
DA:34,1
DA:35,1
LF:19
LH:19
end_of_record
SF:lib/core/error/failures.dart
DA:4,0
DA:8,0
DA:9,0
DA:14,0
DA:19,0
DA:24,0
LF:6
LH:0
end_of_record
SF:lib/features/sensor_tracker/domain/entities/sensor.dart
DA:9,5
DA:16,4
DA:18,20
DA:21,2
DA:22,10
LF:5
LH:5
end_of_record
SF:lib/core/use_cases/use_case.dart
DA:14,2
DA:15,2
LF:2
LH:2
end_of_record
SF:lib/features/sensor_tracker/domain/use_cases/get_accelerometer_data.dart
DA:8,1
DA:10,1
DA:12,2
LF:3
LH:3
end_of_record
SF:lib/features/sensor_tracker/presentation/blocs/accelerometer_cubit.dart
DA:11,3
DA:17,1
DA:18,6
DA:20,2
DA:21,0
DA:24,2
DA:25,4
DA:27,1
DA:28,2
DA:29,3
DA:33,1
DA:35,2
DA:36,1
LF:13
LH:12
end_of_record
SF:lib/features/sensor_tracker/presentation/blocs/sensor_state.dart
DA:7,4
DA:9,2
DA:10,4
DA:18,4
DA:22,2
DA:23,4
DA:30,2
DA:32,0
DA:36,0
DA:37,0
DA:38,0
DA:42,2
DA:43,4
LF:13
LH:9
end_of_record
SF:lib/features/sensor_tracker/domain/use_cases/get_gyroscope_data.dart
DA:8,1
DA:10,1
DA:12,2
LF:3
LH:3
end_of_record
SF:lib/features/sensor_tracker/presentation/blocs/gyro_cubit.dart
DA:11,3
DA:19,1
DA:20,6
DA:22,2
DA:23,0
DA:24,0
DA:25,2
DA:27,1
DA:29,0
DA:30,0
DA:32,2
DA:33,2
DA:36,1
DA:37,2
DA:38,3
DA:42,1
DA:44,2
DA:45,1
DA:48,1
DA:52,3
DA:53,3
DA:54,3
DA:57,1
LF:23
LH:19
end_of_record
